<?xml version="1.0" encoding="UTF-8"?>
<testng-results ignored="0" total="1" passed="0" failed="1" skipped="0">
  <reporter-output>
  </reporter-output>
  <suite started-at="2024-10-28T11:44:13 IST" name="Default suite" finished-at="2024-10-28T11:44:24 IST" duration-ms="10828">
    <groups>
    </groups>
    <test started-at="2024-10-28T11:44:13 IST" name="Default test" finished-at="2024-10-28T11:44:24 IST" duration-ms="10828">
      <class name="Lab_Selenium_Webdriver.TestNg.Hotstar">
        <test-method is-config="true" signature="beforeSuite()[pri:0, instance:Lab_Selenium_Webdriver.TestNg.Hotstar@4d14b6c2]" started-at="2024-10-28T11:44:13 IST" name="beforeSuite" finished-at="2024-10-28T11:44:13 IST" duration-ms="14" status="PASS">
          <reporter-output>
          </reporter-output>
        </test-method> <!-- beforeSuite -->
        <test-method is-config="true" signature="beforeTest()[pri:0, instance:Lab_Selenium_Webdriver.TestNg.Hotstar@4d14b6c2]" started-at="2024-10-28T11:44:13 IST" name="beforeTest" finished-at="2024-10-28T11:44:13 IST" duration-ms="0" status="PASS">
          <reporter-output>
          </reporter-output>
        </test-method> <!-- beforeTest -->
        <test-method is-config="true" signature="beforeClass()[pri:0, instance:Lab_Selenium_Webdriver.TestNg.Hotstar@4d14b6c2]" started-at="2024-10-28T11:44:13 IST" name="beforeClass" finished-at="2024-10-28T11:44:23 IST" duration-ms="10771" status="PASS">
          <reporter-output>
          </reporter-output>
        </test-method> <!-- beforeClass -->
        <test-method signature="f(java.lang.String)[pri:1, instance:Lab_Selenium_Webdriver.TestNg.Hotstar@4d14b6c2]" started-at="2024-10-28T11:44:24 IST" name="f" data-provider="sk" finished-at="2024-10-28T11:44:24 IST" duration-ms="0" status="FAIL">
          <exception class="org.testng.TestNGException">
            <message>
              <![CDATA[
Some DataProvider public java.lang.Object[][] Lab_Selenium_Webdriver.TestNg.Hotstar.dp(java.lang.String) parameters unresolved:  at 0 type class java.lang.String
]]>
            </message>
            <full-stacktrace>
              <![CDATA[org.testng.TestNGException: 
Some DataProvider public java.lang.Object[][] Lab_Selenium_Webdriver.TestNg.Hotstar.dp(java.lang.String) parameters unresolved:  at 0 type class java.lang.String

at org.testng.internal.invokers.MethodInvocationHelper.getParameters(MethodInvocationHelper.java:239)
at org.testng.internal.invokers.MethodInvocationHelper.invokeDataProvider(MethodInvocationHelper.java:158)
at org.testng.internal.Parameters.handleParameters(Parameters.java:809)
at org.testng.internal.Parameters.handleParameters(Parameters.java:734)
at org.testng.internal.invokers.ParameterHandler.handleParameters(ParameterHandler.java:72)
at org.testng.internal.invokers.ParameterHandler.createParameters(ParameterHandler.java:51)
at org.testng.internal.invokers.TestInvoker$MethodInvocationAgent.invoke(TestInvoker.java:946)
at org.testng.internal.invokers.TestInvoker.invokeTestMethods(TestInvoker.java:203)
at org.testng.internal.invokers.TestMethodWorker.invokeTestMethods(TestMethodWorker.java:154)
at org.testng.internal.invokers.TestMethodWorker.run(TestMethodWorker.java:134)
at java.base/java.util.ArrayList.forEach(ArrayList.java:1511)
at org.testng.TestRunner.privateRun(TestRunner.java:739)
at org.testng.TestRunner.run(TestRunner.java:614)
at org.testng.SuiteRunner.runTest(SuiteRunner.java:421)
at org.testng.SuiteRunner.runSequentially(SuiteRunner.java:413)
at org.testng.SuiteRunner.privateRun(SuiteRunner.java:373)
at org.testng.SuiteRunner.run(SuiteRunner.java:312)
at org.testng.SuiteRunnerWorker.runSuite(SuiteRunnerWorker.java:52)
at org.testng.SuiteRunnerWorker.run(SuiteRunnerWorker.java:95)
at org.testng.TestNG.runSuitesSequentially(TestNG.java:1274)
at org.testng.TestNG.runSuitesLocally(TestNG.java:1208)
at org.testng.TestNG.runSuites(TestNG.java:1112)
at org.testng.TestNG.run(TestNG.java:1079)
at org.testng.remote.AbstractRemoteTestNG.run(AbstractRemoteTestNG.java:115)
at org.testng.remote.RemoteTestNG.initAndRun(RemoteTestNG.java:293)
at org.testng.remote.RemoteTestNG.main(RemoteTestNG.java:91)
]]>
            </full-stacktrace>
          </exception> <!-- org.testng.TestNGException -->
          <reporter-output>
          </reporter-output>
        </test-method> <!-- f -->
        <test-method is-config="true" signature="afterClass()[pri:0, instance:Lab_Selenium_Webdriver.TestNg.Hotstar@4d14b6c2]" started-at="2024-10-28T11:44:24 IST" name="afterClass" finished-at="2024-10-28T11:44:24 IST" duration-ms="0" status="PASS">
          <reporter-output>
          </reporter-output>
        </test-method> <!-- afterClass -->
        <test-method is-config="true" signature="afterTest()[pri:0, instance:Lab_Selenium_Webdriver.TestNg.Hotstar@4d14b6c2]" started-at="2024-10-28T11:44:24 IST" name="afterTest" finished-at="2024-10-28T11:44:24 IST" duration-ms="4" status="PASS">
          <reporter-output>
          </reporter-output>
        </test-method> <!-- afterTest -->
        <test-method is-config="true" signature="afterSuite()[pri:0, instance:Lab_Selenium_Webdriver.TestNg.Hotstar@4d14b6c2]" started-at="2024-10-28T11:44:24 IST" name="afterSuite" finished-at="2024-10-28T11:44:24 IST" duration-ms="1" status="PASS">
          <reporter-output>
          </reporter-output>
        </test-method> <!-- afterSuite -->
      </class> <!-- Lab_Selenium_Webdriver.TestNg.Hotstar -->
    </test> <!-- Default test -->
  </suite> <!-- Default suite -->
</testng-results>
